Using pre-set license
Built from '2021.3/staging' branch; Version is '2021.3.16f1 (4016570cf34f) revision 4200023'; Using compiler version '192829333'; Build Type 'Release'
OS: 'Windows 10  (10.0.19045) 64bit Core' Language: 'ja' Physical Memory: 49051 MB
BatchMode: 1, IsHumanControllingUs: 0, StartBugReporterOnCrash: 0, Is64bit: 1, IsPro: 1

COMMAND LINE ARGUMENTS:
C:\Program Files\Unity\Hub\Editor\2021.3.16f1\Editor\Unity.exe
-adb2
-batchMode
-noUpm
-name
AssetImportWorker2
-projectPath
D:/Rogue-like
-logFile
Logs/AssetImportWorker2.log
-srvPort
49600
Successfully changed project path to: D:/Rogue-like
D:/Rogue-like
[UnityMemory] Configuration Parameters - Can be set up in boot.config
    "memorysetup-bucket-allocator-granularity=16"
    "memorysetup-bucket-allocator-bucket-count=8"
    "memorysetup-bucket-allocator-block-size=33554432"
    "memorysetup-bucket-allocator-block-count=8"
    "memorysetup-main-allocator-block-size=16777216"
    "memorysetup-thread-allocator-block-size=16777216"
    "memorysetup-gfx-main-allocator-block-size=16777216"
    "memorysetup-gfx-thread-allocator-block-size=16777216"
    "memorysetup-cache-allocator-block-size=4194304"
    "memorysetup-typetree-allocator-block-size=2097152"
    "memorysetup-profiler-bucket-allocator-granularity=16"
    "memorysetup-profiler-bucket-allocator-bucket-count=8"
    "memorysetup-profiler-bucket-allocator-block-size=33554432"
    "memorysetup-profiler-bucket-allocator-block-count=8"
    "memorysetup-profiler-allocator-block-size=16777216"
    "memorysetup-profiler-editor-allocator-block-size=1048576"
    "memorysetup-temp-allocator-size-main=16777216"
    "memorysetup-job-temp-allocator-block-size=2097152"
    "memorysetup-job-temp-allocator-block-size-background=1048576"
    "memorysetup-job-temp-allocator-reduction-small-platforms=262144"
    "memorysetup-temp-allocator-size-background-worker=32768"
    "memorysetup-temp-allocator-size-job-worker=262144"
    "memorysetup-temp-allocator-size-preload-manager=33554432"
    "memorysetup-temp-allocator-size-nav-mesh-worker=65536"
    "memorysetup-temp-allocator-size-audio-worker=65536"
    "memorysetup-temp-allocator-size-cloud-worker=32768"
    "memorysetup-temp-allocator-size-gi-baking-worker=262144"
    "memorysetup-temp-allocator-size-gfx=262144"
Player connection [24420] Host "[IP] 192.168.0.7 [Port] 0 [Flags] 2 [Guid] 2846495219 [EditorId] 2846495219 [Version] 1048832 [Id] WindowsEditor(7,RYO-PC-GALLERIA) [Debug] 1 [PackageName] WindowsEditor [ProjectName] Editor" joined multi-casting on [225.0.0.222:54997]...

Player connection [24420] Host "[IP] 192.168.0.7 [Port] 0 [Flags] 2 [Guid] 2846495219 [EditorId] 2846495219 [Version] 1048832 [Id] WindowsEditor(7,RYO-PC-GALLERIA) [Debug] 1 [PackageName] WindowsEditor [ProjectName] Editor" joined alternative multi-casting on [225.0.0.222:34997]...

Refreshing native plugins compatible for Editor in 39.20 ms, found 2 plugins.
Preloading 0 native plugins for Editor in 0.00 ms.
Initialize engine version: 2021.3.16f1 (4016570cf34f)
[Subsystems] Discovering subsystems at path C:/Program Files/Unity/Hub/Editor/2021.3.16f1/Editor/Data/Resources/UnitySubsystems
[Subsystems] Discovering subsystems at path D:/Rogue-like/Assets
GfxDevice: creating device client; threaded=0; jobified=0
Direct3D:
    Version:  Direct3D 11.0 [level 11.1]
    Renderer: NVIDIA GeForce RTX 3060 Ti (ID=0x2489)
    Vendor:   NVIDIA
    VRAM:     8038 MB
    Driver:   31.0.15.2756
Initialize mono
Mono path[0] = 'C:/Program Files/Unity/Hub/Editor/2021.3.16f1/Editor/Data/Managed'
Mono path[1] = 'C:/Program Files/Unity/Hub/Editor/2021.3.16f1/Editor/Data/MonoBleedingEdge/lib/mono/unityjit-win32'
Mono config path = 'C:/Program Files/Unity/Hub/Editor/2021.3.16f1/Editor/Data/MonoBleedingEdge/etc'
Using monoOptions --debugger-agent=transport=dt_socket,embedding=1,server=y,suspend=n,address=127.0.0.1:56604
Begin MonoManager ReloadAssembly
Registering precompiled unity dll's ...
Register platform support module: C:/Program Files/Unity/Hub/Editor/2021.3.16f1/Editor/Data/PlaybackEngines/WindowsStandaloneSupport/UnityEditor.WindowsStandalone.Extensions.dll
Registered in 0.007216 seconds.
Native extension for WindowsStandalone target not found
Refreshing native plugins compatible for Editor in 33.98 ms, found 2 plugins.
Preloading 0 native plugins for Editor in 0.00 ms.
Mono: successfully reloaded assembly
- Completed reload, in  0.543 seconds
Domain Reload Profiling:
	ReloadAssembly (544ms)
		BeginReloadAssembly (82ms)
			ExecutionOrderSort (0ms)
			DisableScriptedObjects (0ms)
			BackupInstance (0ms)
			ReleaseScriptingObjects (0ms)
			CreateAndSetChildDomain (1ms)
		EndReloadAssembly (352ms)
			LoadAssemblies (79ms)
			RebuildTransferFunctionScriptingTraits (0ms)
			SetupTypeCache (93ms)
			ReleaseScriptCaches (0ms)
			RebuildScriptCaches (25ms)
			SetupLoadedEditorAssemblies (190ms)
				LogAssemblyErrors (0ms)
				InitializePlatformSupportModulesInManaged (7ms)
				SetLoadedEditorAssemblies (0ms)
				RefreshPlugins (34ms)
				BeforeProcessingInitializeOnLoad (1ms)
				ProcessInitializeOnLoadAttributes (106ms)
				ProcessInitializeOnLoadMethodAttributes (41ms)
				AfterProcessingInitializeOnLoad (0ms)
				EditorAssembliesLoaded (0ms)
			ExecutionOrderSort2 (0ms)
			AwakeInstancesAfterBackupRestoration (0ms)
Platform modules already initialized, skipping
Registering precompiled user dll's ...
Registered in 0.002908 seconds.
Begin MonoManager ReloadAssembly
Native extension for WindowsStandalone target not found
Refreshing native plugins compatible for Editor in 0.60 ms, found 2 plugins.
Preloading 0 native plugins for Editor in 0.00 ms.
Package Manager log level set to [2]
Mono: successfully reloaded assembly
- Completed reload, in  0.880 seconds
Domain Reload Profiling:
	ReloadAssembly (881ms)
		BeginReloadAssembly (105ms)
			ExecutionOrderSort (0ms)
			DisableScriptedObjects (5ms)
			BackupInstance (0ms)
			ReleaseScriptingObjects (0ms)
			CreateAndSetChildDomain (18ms)
		EndReloadAssembly (689ms)
			LoadAssemblies (73ms)
			RebuildTransferFunctionScriptingTraits (0ms)
			SetupTypeCache (163ms)
			ReleaseScriptCaches (0ms)
			RebuildScriptCaches (43ms)
			SetupLoadedEditorAssemblies (386ms)
				LogAssemblyErrors (0ms)
				InitializePlatformSupportModulesInManaged (11ms)
				SetLoadedEditorAssemblies (0ms)
				RefreshPlugins (1ms)
				BeforeProcessingInitializeOnLoad (60ms)
				ProcessInitializeOnLoadAttributes (187ms)
				ProcessInitializeOnLoadMethodAttributes (119ms)
				AfterProcessingInitializeOnLoad (8ms)
				EditorAssembliesLoaded (0ms)
			ExecutionOrderSort2 (0ms)
			AwakeInstancesAfterBackupRestoration (5ms)
Platform modules already initialized, skipping
========================================================================
Worker process is ready to serve import requests
Launched and connected shader compiler UnityShaderCompiler.exe after 0.05 seconds
Refreshing native plugins compatible for Editor in 1.18 ms, found 2 plugins.
Preloading 0 native plugins for Editor in 0.00 ms.
Unloading 2437 Unused Serialized files (Serialized files now loaded: 0)
Unloading 60 unused Assets / (57.5 KB). Loaded Objects now: 2871.
Memory consumption went from 92.4 MB to 92.3 MB.
Total: 5.667300 ms (FindLiveObjects: 0.206500 ms CreateObjectMapping: 0.162000 ms MarkObjects: 5.203300 ms  DeleteObjects: 0.094600 ms)

AssetImportParameters requested are different than current active one (requested -> active):
  custom:video-decoder-ogg-theora: a1e56fd34408186e4bbccfd4996cb3dc -> 
  custom:container-muxer-webm: aa71ff27fc2769a1b78a27578f13a17b -> 
  custom:container-demuxer-webm: 4f35f7cbe854078d1ac9338744f61a02 -> 
  custom:video-encoder-webm-vp8: eb34c28f22e8b96e1ab97ce403110664 -> 
  custom:video-codec-MediaFoundation-h265: 746d11721c4dcdbdad8f713fa42b33f4 -> 
  custom:audio-encoder-webm-vorbis: bf7c407c2cedff20999df2af8eb42d56 -> 
  custom:framework-win-MediaFoundation: 216162199b28c13a410421893ffa2e32 -> 
  custom:container-demuxer-ogg: 62fdf1f143b41e24485cea50d1cbac27 -> 
  custom:video-decoder-webm-vp8: 9c59270c3fd7afecdb556c50c9e8de78 -> 
  custom:audio-decoder-ogg-vorbis: bf7c407c2cedff20999df2af8eb42d56 -> 
========================================================================
Received Prepare
Registering precompiled user dll's ...
Registered in 0.002582 seconds.
Begin MonoManager ReloadAssembly
Native extension for WindowsStandalone target not found
Refreshing native plugins compatible for Editor in 0.78 ms, found 2 plugins.
Preloading 0 native plugins for Editor in 0.00 ms.
Mono: successfully reloaded assembly
- Completed reload, in  0.998 seconds
Domain Reload Profiling:
	ReloadAssembly (999ms)
		BeginReloadAssembly (128ms)
			ExecutionOrderSort (0ms)
			DisableScriptedObjects (8ms)
			BackupInstance (0ms)
			ReleaseScriptingObjects (0ms)
			CreateAndSetChildDomain (29ms)
		EndReloadAssembly (763ms)
			LoadAssemblies (79ms)
			RebuildTransferFunctionScriptingTraits (0ms)
			SetupTypeCache (193ms)
			ReleaseScriptCaches (1ms)
			RebuildScriptCaches (48ms)
			SetupLoadedEditorAssemblies (414ms)
				LogAssemblyErrors (0ms)
				InitializePlatformSupportModulesInManaged (16ms)
				SetLoadedEditorAssemblies (0ms)
				RefreshPlugins (1ms)
				BeforeProcessingInitializeOnLoad (62ms)
				ProcessInitializeOnLoadAttributes (187ms)
				ProcessInitializeOnLoadMethodAttributes (137ms)
				AfterProcessingInitializeOnLoad (9ms)
				EditorAssembliesLoaded (0ms)
			ExecutionOrderSort2 (0ms)
			AwakeInstancesAfterBackupRestoration (9ms)
Platform modules already initialized, skipping
Refreshing native plugins compatible for Editor in 3.02 ms, found 2 plugins.
Preloading 0 native plugins for Editor in 0.00 ms.
Unloading 2432 Unused Serialized files (Serialized files now loaded: 0)
Unloading 49 unused Assets / (32.8 KB). Loaded Objects now: 2874.
Memory consumption went from 92.4 MB to 92.3 MB.
Total: 5.107500 ms (FindLiveObjects: 0.199100 ms CreateObjectMapping: 0.141700 ms MarkObjects: 4.738700 ms  DeleteObjects: 0.027100 ms)

AssetImportParameters requested are different than current active one (requested -> active):
  custom:video-decoder-ogg-theora: a1e56fd34408186e4bbccfd4996cb3dc -> 
  custom:container-muxer-webm: aa71ff27fc2769a1b78a27578f13a17b -> 
  custom:container-demuxer-webm: 4f35f7cbe854078d1ac9338744f61a02 -> 
  custom:video-encoder-webm-vp8: eb34c28f22e8b96e1ab97ce403110664 -> 
  custom:video-codec-MediaFoundation-h265: 746d11721c4dcdbdad8f713fa42b33f4 -> 
  custom:audio-encoder-webm-vorbis: bf7c407c2cedff20999df2af8eb42d56 -> 
  custom:framework-win-MediaFoundation: 216162199b28c13a410421893ffa2e32 -> 
  custom:container-demuxer-ogg: 62fdf1f143b41e24485cea50d1cbac27 -> 
  custom:video-decoder-webm-vp8: 9c59270c3fd7afecdb556c50c9e8de78 -> 
  custom:audio-decoder-ogg-vorbis: bf7c407c2cedff20999df2af8eb42d56 -> 
========================================================================
Received Import Request.
  Time since last request: 106345.897037 seconds.
  path: Assets/Font
  artifactKey: Guid(fd1102f8c12168f489d319ed00745421) Importer(815301076,1909f56bfc062723c751e8b465ee728b)
Start importing Assets/Font using Guid(fd1102f8c12168f489d319ed00745421) Importer(815301076,1909f56bfc062723c751e8b465ee728b)  -> (artifact id: 'b21f6bb7d81ff2706ad908c6ae25ec94') in 0.008921 seconds 
========================================================================
Received Import Request.
  Time since last request: 0.020256 seconds.
  path: Assets/Font/PixelMplus12-Regular.ttf
  artifactKey: Guid(4399d6bbaacb7ed4495bfdba4376b5c4) Importer(815301076,1909f56bfc062723c751e8b465ee728b)
Start importing Assets/Font/PixelMplus12-Regular.ttf using Guid(4399d6bbaacb7ed4495bfdba4376b5c4) Importer(815301076,1909f56bfc062723c751e8b465ee728b)  -> (artifact id: 'e13c41bc4551cddca34128323f93738f') in 0.109746 seconds 
========================================================================
Received Import Request.
  Time since last request: 2.277395 seconds.
  path: Assets/Sprite
  artifactKey: Guid(e6d1e3491cf024447bcb0f6179d8cd32) Importer(815301076,1909f56bfc062723c751e8b465ee728b)
Start importing Assets/Sprite using Guid(e6d1e3491cf024447bcb0f6179d8cd32) Importer(815301076,1909f56bfc062723c751e8b465ee728b)  -> (artifact id: 'a3c771265d4354d9e8f1149721b781dc') in 0.004927 seconds 
========================================================================
Received Import Request.
  Time since last request: 0.042103 seconds.
  path: Assets/Sprite/char_m01.png
  artifactKey: Guid(0f175200bf6b738408a14814aac57b77) Importer(815301076,1909f56bfc062723c751e8b465ee728b)
Start importing Assets/Sprite/char_m01.png using Guid(0f175200bf6b738408a14814aac57b77) Importer(815301076,1909f56bfc062723c751e8b465ee728b)  -> (artifact id: 'fc847230362eef08dab3ed1d0a8e1953') in 0.075650 seconds 
========================================================================
Received Import Request.
  Time since last request: 0.000033 seconds.
  path: Assets/Sprite/png1551265199061.png
  artifactKey: Guid(36d8d8e34d03bfc418b580becd9f24b0) Importer(815301076,1909f56bfc062723c751e8b465ee728b)
Start importing Assets/Sprite/png1551265199061.png using Guid(36d8d8e34d03bfc418b580becd9f24b0) Importer(815301076,1909f56bfc062723c751e8b465ee728b)  -> (artifact id: 'dce21f21fc17fae2dd96193a20262ef8') in 0.027576 seconds 
========================================================================
Received Import Request.
  Time since last request: 0.000025 seconds.
  path: Assets/Sprite/chip02e_dungeon_poison.png
  artifactKey: Guid(04e43f02824f7964880e94427d224eb5) Importer(815301076,1909f56bfc062723c751e8b465ee728b)
Start importing Assets/Sprite/chip02e_dungeon_poison.png using Guid(04e43f02824f7964880e94427d224eb5) Importer(815301076,1909f56bfc062723c751e8b465ee728b)  -> (artifact id: 'b44294d04d2e9e25d2342a540547259e') in 0.588434 seconds 
========================================================================
Received Import Request.
  Time since last request: 0.000024 seconds.
  path: Assets/Sprite/ico_btn10a_4.gif
  artifactKey: Guid(6fd8e41de445e834c892088acdf01ae8) Importer(815301076,1909f56bfc062723c751e8b465ee728b)
Start importing Assets/Sprite/ico_btn10a_4.gif using Guid(6fd8e41de445e834c892088acdf01ae8) Importer(815301076,1909f56bfc062723c751e8b465ee728b)  -> (artifact id: 'dd7f6d47f3f876d6195f4f26cb239483') in 0.012245 seconds 
========================================================================
Received Import Request.
  Time since last request: 0.000031 seconds.
  path: Assets/Sprite/item01.png
  artifactKey: Guid(66793a6c34414fb43bdef3ff6deac303) Importer(815301076,1909f56bfc062723c751e8b465ee728b)
Start importing Assets/Sprite/item01.png using Guid(66793a6c34414fb43bdef3ff6deac303) Importer(815301076,1909f56bfc062723c751e8b465ee728b)  -> (artifact id: 'a1b1a9942c334272db6bfbb6f1b9b437') in 0.015707 seconds 
========================================================================
Received Import Request.
  Time since last request: 0.000022 seconds.
  path: Assets/Sprite/object_stairs01.png
  artifactKey: Guid(774a03e8f07a5f542ab2a5f4baa614b9) Importer(815301076,1909f56bfc062723c751e8b465ee728b)
Start importing Assets/Sprite/object_stairs01.png using Guid(774a03e8f07a5f542ab2a5f4baa614b9) Importer(815301076,1909f56bfc062723c751e8b465ee728b)  -> (artifact id: '2edf3697c189cd8f7e23e0e3d4feefd2') in 0.116991 seconds 
========================================================================
Received Import Request.
  Time since last request: 0.000019 seconds.
  path: Assets/Sprite/TitleBackground.png
  artifactKey: Guid(8d1b855d60a343d408d193080ecd1194) Importer(815301076,1909f56bfc062723c751e8b465ee728b)
Start importing Assets/Sprite/TitleBackground.png using Guid(8d1b855d60a343d408d193080ecd1194) Importer(815301076,1909f56bfc062723c751e8b465ee728b)  -> (artifact id: '983d0676420d6823c3c729697cef9f46') in 0.020043 seconds 
========================================================================
Received Import Request.
  Time since last request: 0.000017 seconds.
  path: Assets/Sprite/chip02a_dungeon.png
  artifactKey: Guid(114443120bdac7d469def2332d226821) Importer(815301076,1909f56bfc062723c751e8b465ee728b)
Start importing Assets/Sprite/chip02a_dungeon.png using Guid(114443120bdac7d469def2332d226821) Importer(815301076,1909f56bfc062723c751e8b465ee728b)  -> (artifact id: 'f80124c6b7a89ffbbce22086fcd03235') in 0.534739 seconds 
========================================================================
Received Import Request.
  Time since last request: 0.000022 seconds.
  path: Assets/Sprite/png1566764402998.png
  artifactKey: Guid(5429cc580474b4ac9a9f9f0d57f19182) Importer(815301076,1909f56bfc062723c751e8b465ee728b)
Start importing Assets/Sprite/png1566764402998.png using Guid(5429cc580474b4ac9a9f9f0d57f19182) Importer(815301076,1909f56bfc062723c751e8b465ee728b)  -> (artifact id: 'fdbd91d82484aef3278fd85c7a76ac96') in 0.010189 seconds 
========================================================================
Received Import Request.
  Time since last request: 0.000026 seconds.
  path: Assets/Sprite/item01t.png
  artifactKey: Guid(af30e28951215c449b1bb826803708ae) Importer(815301076,1909f56bfc062723c751e8b465ee728b)
Start importing Assets/Sprite/item01t.png using Guid(af30e28951215c449b1bb826803708ae) Importer(815301076,1909f56bfc062723c751e8b465ee728b)  -> (artifact id: '31c283594ebbc5c04b00ce18cd7b7ef2') in 0.113153 seconds 
========================================================================
Received Import Request.
  Time since last request: 0.000021 seconds.
  path: Assets/Sprite/icon.png
  artifactKey: Guid(bdce91306d2d449b0ab07c1f2bbb1e6a) Importer(815301076,1909f56bfc062723c751e8b465ee728b)
Start importing Assets/Sprite/icon.png using Guid(bdce91306d2d449b0ab07c1f2bbb1e6a) Importer(815301076,1909f56bfc062723c751e8b465ee728b)  -> (artifact id: 'f14bcb415c74fdb04a6c036e34110c89') in 0.009168 seconds 
========================================================================
Received Import Request.
  Time since last request: 0.000024 seconds.
  path: Assets/Sprite/png1551169367794.png
  artifactKey: Guid(74428c39c5aa28b4191b0413b8a1d45d) Importer(815301076,1909f56bfc062723c751e8b465ee728b)
Start importing Assets/Sprite/png1551169367794.png using Guid(74428c39c5aa28b4191b0413b8a1d45d) Importer(815301076,1909f56bfc062723c751e8b465ee728b)  -> (artifact id: 'b05c0680ed985fe5f819215174e8d0c2') in 0.010507 seconds 
Editor requested this worker to shutdown with reason: Scaling down because of idle timeout
AssetImportWorker is now disconnected from the server
Process exiting
Exiting without the bug reporter. Application will terminate with return code 0